BD
C
BEGIN_EINRICHTEPLAN_INFO
C
ZA,MM,2
MM,AT,1, 60,1,1,,,,,T
MM,AT,1,170,1,1,,,,,T
C
ZA,DA,1
DA,'EXMPLPART',1
C
ENDE_EINRICHTEPLAN_INFO
C
BEGIN_LTT_STAMM
C
ZA,MM,233
MM,AT,1,10,1,1,,,,,T
MM,AT,1,80,1,1,,,,,T
MM,AT,1,90,1,1,,,,'W',Z
MM,AT,1,100,1,1,,,,,T
MM,AT,1,110,1,1,,,,'mm',Z
MM,AT,1,120,1,1,,,,'in',Z
MM,AT,1,130,1,1,,,,'mm',T
MM,AT,1,140,1,1,,,,,Z
MM,AT,1,150,1,1,,,,'s',Z
MM,AT,1,160,1,1,,,,'s',Z
MM,AT,1,170,1,1,,,,'mm',Z
MM,AT,1,180,1,1,,,,'m/s2',Z
MM,AT,1,190,1,1,,,,'m/s2',Z
MM,AT,1,200,1,1,,,,'s',Z
MM,AT,1,210,1,1,,,,'%',Z
MM,AT,1,220,1,1,,,,,Z
MM,AT,1,230,1,1,,,,,Z
MM,AT,1,240,1,1,,,,'mm',Z
MM,AT,1,250,1,1,,,,'W',Z
MM,AT,1,260,1,1,,,,'Hz',Z
MM,AT,1,270,1,1,,,,'m/min',Z
MM,AT,1,280,1,1,,,,'mm',Z
MM,AT,1,290,1,1,,,,'bar',Z
MM,AT,1,300,1,1,,,,'W',Z
MM,AT,1,310,1,1,,,,'Hz',Z
MM,AT,1,320,1,1,,,,'m/min',Z
MM,AT,1,330,1,1,,,,'mm',Z
MM,AT,1,340,1,1,,,,'bar',Z
MM,AT,1,350,1,1,,,,'mm',Z
MM,AT,1,360,1,1,,,,'W',Z
MM,AT,1,370,1,1,,,,'Hz',Z
MM,AT,1,380,1,1,,,,'m/min',Z
MM,AT,1,390,1,1,,,,'mm',Z
MM,AT,1,400,1,1,,,,'bar',Z
MM,AT,1,410,1,1,,,,'W',Z
MM,AT,1,420,1,1,,,,'Hz',Z
MM,AT,1,430,1,1,,,,'m/min',Z
MM,AT,1,440,1,1,,,,'mm',Z
MM,AT,1,450,1,1,,,,'bar',Z
MM,AT,1,460,1,1,,,,'mm',Z
MM,AT,1,470,1,1,,,,'W',Z
MM,AT,1,480,1,1,,,,'Hz',Z
MM,AT,1,490,1,1,,,,'m/min',Z
MM,AT,1,500,1,1,,,,'mm',Z
MM,AT,1,510,1,1,,,,'bar',Z
MM,AT,1,520,1,1,,,,'W',Z
MM,AT,1,530,1,1,,,,'Hz',Z
MM,AT,1,540,1,1,,,,'m/min',Z
MM,AT,1,550,1,1,,,,'mm',Z
MM,AT,1,560,1,1,,,,'bar',Z
MM,AT,1,570,1,1,,,,'mm',Z
MM,AT,1,580,1,1,,,,'s',Z
MM,AT,1,590,1,1,,,,,Z
MM,AT,1,600,1,1,,,,'mm',Z
MM,AT,1,610,1,1,,,,'s',Z
MM,AT,1,620,1,1,,,,,Z
MM,AT,1,630,1,1,,,,'bar',Z
MM,AT,1,640,1,1,,,,,Z
MM,AT,1,650,1,1,,,,'s',Z
MM,AT,1,660,1,1,,,,,Z
MM,AT,1,670,1,1,,,,'mm',Z
MM,AT,1,680,1,1,,,,'s',Z
MM,AT,1,690,1,1,,,,,Z
MM,AT,1,700,1,1,,,,'bar',Z
MM,AT,1,710,1,1,,,,,Z
MM,AT,1,720,1,1,,,,'mm',Z
MM,AT,1,730,1,1,,,,'s',Z
MM,AT,1,740,1,1,,,,'mm',Z
MM,AT,1,750,1,1,,,,'W',Z
MM,AT,1,760,1,1,,,,'Hz',Z
MM,AT,1,770,1,1,,,,'m/min',Z
MM,AT,1,780,1,1,,,,,Z
MM,AT,1,790,1,1,,,,'bar',Z
MM,AT,1,800,1,1,,,,'mm',Z
MM,AT,1,810,1,1,,,,'mm',Z
MM,AT,1,820,1,1,,,,'W',Z
MM,AT,1,830,1,1,,,,'Hz',Z
MM,AT,1,840,1,1,,,,'m/min',Z
MM,AT,1,850,1,1,,,,,Z
MM,AT,1,860,1,1,,,,'bar',Z
MM,AT,1,870,1,1,,,,'mm',Z
MM,AT,1,880,1,1,,,,'mm',Z
MM,AT,1,890,1,1,,,,'W',Z
MM,AT,1,900,1,1,,,,'Hz',Z
MM,AT,1,910,1,1,,,,'m/min',Z
MM,AT,1,920,1,1,,,,,Z
MM,AT,1,930,1,1,,,,'bar',Z
MM,AT,1,940,1,1,,,,'s',Z
MM,AT,1,950,1,1,,,,,Z
MM,AT,1,960,1,1,,,,'mm',Z
MM,AT,1,970,1,1,,,,,Z
MM,AT,1,980,1,1,,,,'bar',Z
MM,AT,1,990,1,1,,,,'mm',Z
MM,AT,1,1000,1,1,,,,'s',Z
MM,AT,1,1010,1,1,,,,,Z
MM,AT,1,1020,1,1,,,,'mm',Z
MM,AT,1,1030,1,1,,,,,Z
MM,AT,1,1040,1,1,,,,'bar',Z
MM,AT,1,1050,1,1,,,,'s',Z
MM,AT,1,1060,1,1,,,,,Z
MM,AT,1,1070,1,1,,,,'mm',Z
MM,AT,1,1080,1,1,,,,,Z
MM,AT,1,1090,1,1,,,,'bar',Z
MM,AT,1,1110,1,1,,,,'%',Z
MM,AT,1,1120,1,1,,,,'mm',Z
MM,AT,1,1130,1,1,,,,'mm',Z
MM,AT,1,1140,1,1,,,,'mm',Z
MM,AT,1,1150,1,1,,,,'s',Z
MM,AT,1,1160,1,1,,,,'m/s2',Z
MM,AT,1,1730,1,1,,,,'Bool',Z
MM,AT,1,1740,1,1,,,,'%',Z
MM,AT,1,1750,1,1,,,,'%',Z
MM,AT,1,1760,1,1,,,,,Z
MM,AT,1,1770,1,1,,,,'%',Z
MM,AT,1,1780,1,1,,,,'%',Z
MM,AT,1,1790,1,1,,,,'%',Z
MM,AT,1,1800,1,1,,,,'%',Z
MM,AT,1,1810,1,1,,,,'%',Z
MM,AT,1,1820,1,1,,,,'%',Z
MM,AT,1,1830,1,1,,,,'%',Z
MM,AT,1,1840,1,1,,,,'%',Z
MM,AT,1,1850,1,1,,,,,Z
MM,AT,1,1860,1,1,,,,,Z
MM,AT,1,1870,1,1,,,,'mm',Z
MM,AT,1,1880,1,1,,,,'mm',Z
MM,AT,1,1890,1,1,,,,'mm',Z
MM,AT,1,1900,1,1,,,,'mm',Z
MM,AT,1,1910,1,1,,,,'mm',Z
MM,AT,1,1920,1,1,,,,'mm',Z
MM,AT,1,1930,1,1,,,,'mm',Z
MM,AT,1,1940,1,1,,,,'mm',Z
MM,AT,1,1950,1,1,,,,'m/min',Z
MM,AT,1,1960,1,1,,,,'W',Z
MM,AT,1,1970,1,1,,,,'m/min',Z
MM,AT,1,1980,1,1,,,,'W',Z
MM,AT,1,1990,1,1,,,,'m/min',Z
MM,AT,1,2000,1,1,,,,'Hz',Z
MM,AT,1,2010,1,1,,,,'m/min',Z
MM,AT,1,2020,1,1,,,,'Hz',Z
MM,AT,1,2030,1,1,,,,'mm',Z
MM,AT,1,2040,1,1,,,,'Bool',Z
MM,AT,1,2050,1,1,,,,'Bool',Z
MM,AT,1,2060,1,1,,,,'m/s2',Z
MM,AT,1,2070,1,1,,,,'mm',Z
MM,AT,1,2080,1,1,,,,'mm',Z
MM,AT,1,2090,1,1,,,,'s',Z
MM,AT,1,2100,1,1,,,,,Z
MM,AT,1,2110,1,1,,,,'mm',Z
MM,AT,1,2120,1,1,,,,'s',Z
MM,AT,1,2130,1,1,,,,,Z
MM,AT,1,2140,1,1,,,,'bar',Z
MM,AT,1,2150,1,1,,,,,Z
MM,AT,1,2160,1,1,,,,,Z
MM,AT,1,2170,1,1,,,,'Bool',Z
MM,AT,1,2180,1,1,,,,'mm',Z
MM,AT,1,2190,1,1,,,,'s',Z
MM,AT,1,2200,1,1,,,,,Z
MM,AT,1,2210,1,1,,,,'mm',Z
MM,AT,1,2220,1,1,,,,'s',Z
MM,AT,1,2230,1,1,,,,,Z
MM,AT,1,2240,1,1,,,,'bar',Z
MM,AT,1,2250,1,1,,,,,Z
MM,AT,1,2260,1,1,,,,,Z
MM,AT,1,2270,1,1,,,,'Bool',Z
MM,AT,1,2280,1,1,,,,'m/s2',Z
MM,AT,1,2290,1,1,,,,,Z
MM,AT,1,2300,1,1,,,,,T
MM,AT,1,2310,1,1,,,,'mm',Z
MM,AT,1,2320,1,1,,,,'m/s2',Z
MM,AT,1,2330,1,1,,,,,Z
MM,AT,1,2340,1,1,,,,,Z
MM,AT,1,2350,1,1,,,,,Z
MM,AT,1,2360,1,1,,,,'m/min',Z
MM,AT,1,2370,1,1,,,,'W',Z
MM,AT,1,2380,1,1,,,,'m/min',Z
MM,AT,1,2390,1,1,,,,'W',Z
MM,AT,1,2400,1,1,,,,'Hz',Z
MM,AT,1,2410,1,1,,,,'Hz',Z
MM,AT,1,2420,1,1,,,,'m/s2',Z
MM,AT,1,2430,1,1,,,,'m/s2',Z
MM,AT,1,2440,1,1,,,,'mm',Z
MM,AT,1,2450,1,1,,,,'m/min',Z
MM,AT,1,2460,1,1,,,,'W',Z
MM,AT,1,2470,1,1,,,,'m/min',Z
MM,AT,1,2480,1,1,,,,'Hz',Z
MM,AT,1,2490,1,1,,,,,Z
MM,AT,1,2510,1,1,,,,,Z
MM,AT,1,2520,1,1,,,,,Z
MM,AT,1,2530,1,1,,,,,Z
MM,AT,1,2540,1,1,,,,'mm',Z
MM,AT,1,2550,1,1,,,,'s',Z
MM,AT,1,2560,1,1,,,,'bar',Z
MM,AT,1,2570,1,1,,,,'mm',Z
MM,AT,1,2580,1,1,,,,'s',Z
MM,AT,1,2590,1,1,,,,'bar',Z
MM,AT,1,2500,1,1,,,,'W',Z
MM,AT,1,2700,1,1,,,,,Z
MM,AT,1,2710,1,1,,,,,Z
MM,AT,1,2720,1,1,,,,,Z
MM,AT,1,2730,1,1,,,,'mm',Z
MM,AT,1,2740,1,1,,,,'mm',Z
MM,AT,1,2750,1,1,,,,'mm',Z
MM,AT,1,2760,1,1,,,,'mm',Z
MM,AT,1,2770,1,1,,,,'mm',Z
MM,AT,1,2780,1,1,,,,'mm',Z
MM,AT,1,2630,1,1,,,,,T
MM,AT,1,2610,1,1,,,,'mm',Z
MM,AT,1,2620,1,1,,,,'mm',Z
MM,AT,1,2600,1,1,,,,,T
MM,AT,1,2640,1,1,,,,,T
MM,AT,1,2650,1,1,,,,,Z
MM,AT,1,2660,1,1,,,,,Z
MM,AT,1,2670,1,1,,,,,Z
MM,AT,1,2680,1,1,,,,,Z
MM,AT,1,2790,1,1,,,,,Z
MM,AT,1,2800,1,1,,,,,Z
MM,AT,1,2810,1,1,,,,,Z
MM,AT,1,2850,1,1,,,,'mm',Z
MM,AT,1,2860,1,1,,,,'m/min',Z
MM,AT,1,2870,1,1,,,,'mm',Z
MM,AT,1,2880,1,1,,,,'bar',Z
MM,AT,1,2890,1,1,,,,'mm',Z
MM,AT,1,2900,1,1,,,,'m/min',Z
MM,AT,1,2910,1,1,,,,'mm',Z
MM,AT,1,2920,1,1,,,,'bar',Z
MM,AT,1,2930,1,1,,,,'mm',Z
MM,AT,1,2940,1,1,,,,'m/min',Z
MM,AT,1,2950,1,1,,,,'mm',Z
MM,AT,1,2960,1,1,,,,'bar',Z
MM,AT,1,3130,1,1,,,,'W',Z
MM,AT,1,3140,1,1,,,,'W',Z
MM,AT,1,3150,1,1,,,,'W',Z
MM,AT,1,3160,1,1,,,,'W',Z
C
ZA,DA,2
DA,'SS1MM','TC21',3200,'1.4301-10',1.0,6.1,'1.4',1,0.5,0.5,-1.5
 * ,-1.0,4.0,0.0,0.0,2,-1,0.2,3200,20000,8.0
 * ,0.8,13.0,-1,-1,-1.0,-1.0,-1.0,0.2,1200,5000
 * ,4.0,1.0,12.0,800,20000,4.0,1.0,8.0,0.23,800
 * ,500,1.0,1.0,13.0,-1,-1,-1.0,-1.0,-1.0,-1.5
 * ,0.2,1,1.0,-1.0,2,2.0,-1,0.5,8,1.5
 * ,-1.0,2,1.0,-1,-1.5,0.4,8.0,60,100,10.0
 * ,2,1.0,-2.0,5.0,180,5000,3.0,2,2.0,-3.0
 * ,8.0,300,100,1.0,2,5.0,0.2,8,2.0,2
 * ,2.0,-1.5,-1.0,-1,-1.0,-1,-1.0,-1.0,-1,-1.0
 * ,-1,-1.0,-1.0,-0.5,-2.0,-2.5,0.2,4.0,-1,-1
 * ,-1,1,100.0,100.0,0.0,100.0,100.0,100.0,0.0,100.0
 * ,-1,-1,20.0,20.0,20.0,20.0,20.0,20.0,20.0,20.0
 * ,7.3,3200,0.4,300,7.3,3000,0.4,400,-1.5,-1
 * ,-1,2.0,-1.0,-1.0,-1.0,-1,-1.0,-1.0,-1,-1.0
 * ,-1,-1,-1,-1.0,-1.0,-1,-1.0,-1.0,-1,-1.0
 * ,-1,-1,-1,4.0,0,'SS010MD-N2S-155FW32',0.0,15.0,8,1
 * ,-104,-1.0,-1.0,-1.0,-1.0,-1.0,-1.0,4.0,15.0,155
 * ,4.0,2000.0,4.0,10000.0,2,0,0,0,-1.0,-1.0
 * ,-1.0,-1.0,-1.0,-1.0,-1,0,0,0,0.0,0.0
 * ,0.0,9999.0,9999.0,9999.0,'1.4301',0,9999,'SS010MD-N2S-155FW32','FW',0
 * ,0,2,0,-1,-1,0,-99.0,0.0,0.0,0.0
 * ,-99.0,0.0,0.0,0.0,-99.0,0.0,0.0,0.0,-1,-1
 * ,-1,-1
C
ENDE_LTT_STAMM
C
BEGIN_LTT_CALLS
C
ZA,MM,1
MM,AT,1, 10,1,1,,,,,T
C
ZA,DA,1
DA,'SS1MM'

C
ENDE_LTT_CALLS
C
C
BEGIN_PROGRAMM
C
ZA,MM,5
MM,AT,1, 10,1,1,,,,,T
MM,AT,1, 20,1,1,,,,,Z
MM,AT,1, 30,1,1,,,,,T
MM,AT,1, 40,1,1,,,,,Z
MM,AT,1, 50,1,1,,,,,T
C
ZA,DA,1
DA,'EXMPLPART','HP',,,'LST'
START_TEXT
; This file is generated by the Code Converter Tool. L59: 4.5.3
N10;EXMPLPART
N20;---------- TruTops Cell   VERSION 9.00
N30;Control Software Version TruLaser Cell 7040 1.0
N40 TC_RESET
N50 G71
N60 ; OVL, ACC
N70 TC_DYNAMIC_LEVEL(0)
N80 TC_OST(5.0)
N90 TC_ADC_ON(10)
N100 TC_TRAFO_ON("BC")
N110 TC_LASER_REQUEST(1)
N120 SET_G54(0.00,0.00,0.00); Comment out if program is used on the machine
SETAXG54(B,0)
SETAXG54(C,0)
N130 F = 173000
N140;GOTOF ENTRY_LASER
N150 TC_TRAFO_OFF
N160 G500
N170 G01 Z = 750.00 F = 173000
N180 G01 B = 0.00 C = 0.00
N190 TC_TRAFO_ON("BC")
N200 G54
N210; END_OF_HEADER
N10 ;==================== BLOCK_START 1 ===============
N20 ; LEAD_IN_START
;ENTRY_LASER:
BLOCK_1:
N50 G01 X = 472.71 Y = 1898.82 Z = -197.00 B = 0.00 C = 0.00 F = 173000
N60 G01 X = 472.71 Y = 1898.82 Z = -207.00 B = 0.00 C = 0.00
N70 TC_LASER_ON(9,"SS1MM",10,100)
N80 ; LEAD_IN_END
N90 G01 X = 472.71 Y = 1899.77 Z = -207.00 B = 0.00 C = 0.00
N100 G01 X = 473.66 Y = 1899.77 Z = -207.00 B = 0.00 C = 0.00
N110 G01 X = 473.66 Y = 1898.82 Z = -207.00 B = 0.00 C = 0.00
N120 G01 X = 472.71 Y = 1898.82 Z = -207.00 B = 0.00 C = 0.00
N130 ; LEAD_OUT_START
N140 TC_LASER_OFF(3)
N150 G01 X = 472.71 Y = 1898.82 Z = -197.00 B = 0.00 C = 0.00 F = 173000
N160 ; LEAD_OUT_END
N170 ;==================== BLOCK_END ======================
N180 ;
N190 ;==================== BLOCK_START 2 ===============
N200 ; LEAD_IN_START
;ENTRY_LASER:
BLOCK_2:
N230 G01 X = 479.38 Y = 1898.82 Z = -197.00 B = 0.00 C = 0.00 F = 173000
N240 G01 X = 479.38 Y = 1898.82 Z = -207.00 B = 0.00 C = 0.00
N250 TC_LASER_ON(9,"SS1MM",10,100)
N260 ; LEAD_IN_END
N270 G01 X = 480.33 Y = 1898.82 Z = -207.00 B = 0.00 C = 0.00
N280 G01 X = 480.33 Y = 1897.86 Z = -207.00 B = 0.00 C = 0.00
N290 G01 X = 480.33 Y = 1896.91 Z = -207.00 B = 0.00 C = 0.00
N300 G01 X = 480.33 Y = 1895.96 Z = -207.00 B = 0.00 C = 0.00
N310 G01 X = 480.33 Y = 1895.01 Z = -207.00 B = 0.00 C = 0.00
N320 G01 X = 479.38 Y = 1895.01 Z = -207.00 B = 0.00 C = 0.00
N330 G01 X = 479.38 Y = 1895.96 Z = -207.00 B = 0.00 C = 0.00
N340 G01 X = 479.38 Y = 1896.91 Z = -207.00 B = 0.00 C = 0.00
N350 G01 X = 479.38 Y = 1897.86 Z = -207.00 B = 0.00 C = 0.00
N360 G01 X = 479.38 Y = 1898.82 Z = -207.00 B = 0.00 C = 0.00
N370 ; LEAD_OUT_START
N380 TC_LASER_OFF(3)
N390 G01 X = 479.38 Y = 1898.82 Z = -197.00 B = 0.00 C = 0.00 F = 173000
N400 ; LEAD_OUT_END
N410 ;==================== BLOCK_END ======================
N420 ;==================== BLOCK_START 3 ===============
N430 ; LEAD_IN_START
;ENTRY_LASER:
BLOCK_3:
N460 G01 X = 478.42 Y = 1898.82 Z = -197.00 B = 0.00 C = 0.00 F = 173000
N470 G01 X = 478.42 Y = 1898.82 Z = -207.00 B = 0.00 C = 0.00
N480 TC_LASER_ON(9,"SS1MM",10,100)
N490 ; LEAD_IN_END
N500 G01 X = 478.42 Y = 1899.77 Z = -207.00 B = 0.00 C = 0.00
N510 G01 X = 479.38 Y = 1899.77 Z = -207.00 B = 0.00 C = 0.00
N520 G01 X = 479.38 Y = 1898.82 Z = -207.00 B = 0.00 C = 0.00
N530 G01 X = 478.42 Y = 1898.82 Z = -207.00 B = 0.00 C = 0.00
N540 ; LEAD_OUT_START
N550 TC_LASER_OFF(3)
N560 G01 X = 478.42 Y = 1898.82 Z = -197.00 B = 0.00 C = 0.00 F = 173000
N570 ; LEAD_OUT_END
N580 ;==================== BLOCK_END ======================
N590 ;==================== BLOCK_START 4 ===============
N600 ; LEAD_IN_START
;ENTRY_LASER:
BLOCK_4:
N630 G01 X = 477.47 Y = 1895.01 Z = -197.00 B = 0.00 C = 0.00 F = 173000
N640 G01 X = 477.47 Y = 1895.01 Z = -207.00 B = 0.00 C = 0.00
N650 TC_LASER_ON(9,"SS1MM",10,100)
N660 ; LEAD_IN_END
N670 G01 X = 477.47 Y = 1895.96 Z = -207.00 B = 0.00 C = 0.00
N680 G01 X = 477.47 Y = 1896.91 Z = -207.00 B = 0.00 C = 0.00
N690 G01 X = 477.47 Y = 1897.86 Z = -207.00 B = 0.00 C = 0.00
N700 G01 X = 477.47 Y = 1898.82 Z = -207.00 B = 0.00 C = 0.00
N710 G01 X = 478.42 Y = 1898.82 Z = -207.00 B = 0.00 C = 0.00
N720 G01 X = 478.42 Y = 1897.86 Z = -207.00 B = 0.00 C = 0.00
N730 G01 X = 478.42 Y = 1896.91 Z = -207.00 B = 0.00 C = 0.00
N740 G01 X = 478.42 Y = 1895.96 Z = -207.00 B = 0.00 C = 0.00
N750 G01 X = 478.42 Y = 1895.01 Z = -207.00 B = 0.00 C = 0.00
N760 G01 X = 477.47 Y = 1895.01 Z = -207.00 B = 0.00 C = 0.00
N770 ; LEAD_OUT_START
N780 TC_LASER_OFF(3)
N790 G01 X = 477.47 Y = 1895.01 Z = -197.00 B = 0.00 C = 0.00 F = 173000
N800 ; LEAD_OUT_END
N810 ;==================== BLOCK_END ======================
N820 ;==================== BLOCK_START 5 ===============
N830 ; LEAD_IN_START
;ENTRY_LASER:
BLOCK_5:
N860 G01 X = 482.23 Y = 1898.82 Z = -197.00 B = 0.00 C = 0.00 F = 173000
N870 G01 X = 482.23 Y = 1898.82 Z = -207.00 B = 0.00 C = 0.00
N880 TC_LASER_ON(9,"SS1MM",10,100)
N890 ; LEAD_IN_END
N900 G01 X = 481.28 Y = 1898.82 Z = -207.00 B = 0.00 C = 0.00
N910 G01 X = 481.28 Y = 1899.77 Z = -207.00 B = 0.00 C = 0.00
N920 G01 X = 482.23 Y = 1899.77 Z = -207.00 B = 0.00 C = 0.00
N930 G01 X = 482.23 Y = 1898.82 Z = -207.00 B = 0.00 C = 0.00
N940 ; LEAD_OUT_START
N950 TC_LASER_OFF(3)
N960 G01 X = 482.23 Y = 1898.82 Z = -197.00 B = 0.00 C = 0.00 F = 173000
N970 ; LEAD_OUT_END
N980 ;==================== BLOCK_END ======================
N990 ;==================== BLOCK_START 6 ===============
N1000 ; LEAD_IN_START
;ENTRY_LASER:
BLOCK_6:
N1030 G01 X = 482.23 Y = 1894.05 Z = -197.00 B = 0.00 C = 0.00 F = 173000
N1040 G01 X = 482.23 Y = 1894.05 Z = -207.00 B = 0.00 C = 0.00
N1050 TC_LASER_ON(9,"SS1MM",10,100)
N1060 ; LEAD_IN_END
N1070 G01 X = 482.23 Y = 1895.01 Z = -207.00 B = 0.00 C = 0.00
N1080 G01 X = 482.23 Y = 1895.96 Z = -207.00 B = 0.00 C = 0.00
N1090 G01 X = 482.23 Y = 1896.91 Z = -207.00 B = 0.00 C = 0.00
N1100 G01 X = 482.23 Y = 1897.86 Z = -207.00 B = 0.00 C = 0.00
N1110 G01 X = 482.23 Y = 1898.82 Z = -207.00 B = 0.00 C = 0.00
N1120 G01 X = 483.19 Y = 1898.82 Z = -207.00 B = 0.00 C = 0.00
N1130 G01 X = 483.19 Y = 1897.86 Z = -207.00 B = 0.00 C = 0.00
N1140 G01 X = 483.19 Y = 1896.91 Z = -207.00 B = 0.00 C = 0.00
N1150 G01 X = 483.19 Y = 1895.96 Z = -207.00 B = 0.00 C = 0.00
N1160 G01 X = 483.19 Y = 1895.01 Z = -207.00 B = 0.00 C = 0.00
N1170 G01 X = 483.19 Y = 1894.05 Z = -207.00 B = 0.00 C = 0.00
N1180 G01 X = 482.23 Y = 1894.05 Z = -207.00 B = 0.00 C = 0.00
N1190 ; LEAD_OUT_START
N1200 TC_LASER_OFF(3)
N1210 G01 X = 482.23 Y = 1894.05 Z = -197.00 B = 0.00 C = 0.00 F = 173000
N1220 ; LEAD_OUT_END
N1230 ;==================== BLOCK_END ======================
N1240 ;==================== BLOCK_START 7 ===============
N1250 ; LEAD_IN_START
;ENTRY_LASER:
BLOCK_7:
N1280 G01 X = 475.57 Y = 1898.82 Z = -197.00 B = 0.00 C = 0.00 F = 173000
N1290 G01 X = 475.57 Y = 1898.82 Z = -207.00 B = 0.00 C = 0.00
N1300 TC_LASER_ON(9,"SS1MM",10,100)
N1310 ; LEAD_IN_END
N1320 G01 X = 474.61 Y = 1898.82 Z = -207.00 B = 0.00 C = 0.00
N1330 G01 X = 474.61 Y = 1899.77 Z = -207.00 B = 0.00 C = 0.00
N1340 G01 X = 475.57 Y = 1899.77 Z = -207.00 B = 0.00 C = 0.00
N1350 G01 X = 475.57 Y = 1898.82 Z = -207.00 B = 0.00 C = 0.00
N1360 ; LEAD_OUT_START
N1370 TC_LASER_OFF(3)
N1380 G01 X = 475.57 Y = 1898.82 Z = -197.00 B = 0.00 C = 0.00 F = 173000
N1390 ; LEAD_OUT_END
N1400 ;==================== BLOCK_END ======================
N1410 ;==================== BLOCK_START 8 ===============
N1420 ; LEAD_IN_START
;ENTRY_LASER:
BLOCK_8:
N1450 G01 X = 475.57 Y = 1894.05 Z = -197.00 B = 0.00 C = 0.00 F = 173000
N1460 G01 X = 475.57 Y = 1894.05 Z = -207.00 B = 0.00 C = 0.00
N1470 TC_LASER_ON(9,"SS1MM",10,100)
N1480 ; LEAD_IN_END
N1490 G01 X = 475.57 Y = 1895.01 Z = -207.00 B = 0.00 C = 0.00
N1500 G01 X = 475.57 Y = 1895.96 Z = -207.00 B = 0.00 C = 0.00
N1510 G01 X = 475.57 Y = 1896.91 Z = -207.00 B = 0.00 C = 0.00
N1520 G01 X = 475.57 Y = 1897.86 Z = -207.00 B = 0.00 C = 0.00
N1530 G01 X = 475.57 Y = 1898.82 Z = -207.00 B = 0.00 C = 0.00
N1540 G01 X = 476.52 Y = 1898.82 Z = -207.00 B = 0.00 C = 0.00
N1550 G01 X = 476.52 Y = 1897.86 Z = -207.00 B = 0.00 C = 0.00
N1560 G01 X = 476.52 Y = 1896.91 Z = -207.00 B = 0.00 C = 0.00
N1570 G01 X = 476.52 Y = 1895.96 Z = -207.00 B = 0.00 C = 0.00
N1580 G01 X = 476.52 Y = 1895.01 Z = -207.00 B = 0.00 C = 0.00
N1590 G01 X = 476.52 Y = 1894.05 Z = -207.00 B = 0.00 C = 0.00
N1600 G01 X = 475.57 Y = 1894.05 Z = -207.00 B = 0.00 C = 0.00
N1610 ; LEAD_OUT_START
N1620 TC_LASER_OFF(3)
N1630 G01 X = 475.57 Y = 1894.05 Z = -197.00 B = 0.00 C = 0.00 F = 173000
N1640 ; LEAD_OUT_END
N1650 ;==================== BLOCK_END ======================
N1660 ;==================== BLOCK_START 9 ===============
N1670 ; LEAD_IN_START
;ENTRY_LASER:
BLOCK_9:
N1700 G01 X = 469.85 Y = 1894.05 Z = -197.00 B = 0.00 C = 0.00 F = 173000
N1710 G01 X = 469.85 Y = 1894.05 Z = -207.00 B = 0.00 C = 0.00
N1720 TC_LASER_ON(9,"SS1MM",10,100)
N1730 ; LEAD_IN_END
N1740 G01 X = 469.85 Y = 1895.01 Z = -207.00 B = 0.00 C = 0.00
N1750 G01 X = 469.85 Y = 1895.96 Z = -207.00 B = 0.00 C = 0.00
N1760 G01 X = 469.85 Y = 1896.91 Z = -207.00 B = 0.00 C = 0.00
N1770 G01 X = 469.85 Y = 1897.86 Z = -207.00 B = 0.00 C = 0.00
N1780 G01 X = 469.85 Y = 1898.82 Z = -207.00 B = 0.00 C = 0.00
N1790 G01 X = 468.90 Y = 1898.82 Z = -207.00 B = 0.00 C = 0.00
N1800 G01 X = 468.90 Y = 1899.77 Z = -207.00 B = 0.00 C = 0.00
N1810 G01 X = 469.85 Y = 1899.77 Z = -207.00 B = 0.00 C = 0.00
N1820 G01 X = 470.80 Y = 1899.77 Z = -207.00 B = 0.00 C = 0.00
N1830 G01 X = 471.76 Y = 1899.77 Z = -207.00 B = 0.00 C = 0.00
N1840 G01 X = 471.76 Y = 1898.82 Z = -207.00 B = 0.00 C = 0.00
N1850 G01 X = 470.80 Y = 1898.82 Z = -207.00 B = 0.00 C = 0.00
N1860 G01 X = 470.80 Y = 1897.86 Z = -207.00 B = 0.00 C = 0.00
N1870 G01 X = 470.80 Y = 1896.91 Z = -207.00 B = 0.00 C = 0.00
N1880 G01 X = 470.80 Y = 1895.96 Z = -207.00 B = 0.00 C = 0.00
N1890 G01 X = 471.76 Y = 1895.96 Z = -207.00 B = 0.00 C = 0.00
N1900 G01 X = 471.76 Y = 1895.01 Z = -207.00 B = 0.00 C = 0.00
N1910 G01 X = 470.80 Y = 1895.01 Z = -207.00 B = 0.00 C = 0.00
N1920 G01 X = 470.80 Y = 1894.05 Z = -207.00 B = 0.00 C = 0.00
N1930 G01 X = 469.85 Y = 1894.05 Z = -207.00 B = 0.00 C = 0.00
N1940 ; LEAD_OUT_START
N1950 TC_LASER_OFF(3)
N1960 G01 X = 469.85 Y = 1894.05 Z = -197.00 B = 0.00 C = 0.00 F = 173000
N1970 ; LEAD_OUT_END
N1980 ;==================== BLOCK_END ======================
N1990 ;==================== BLOCK_START 10 ===============
N2000 ; LEAD_IN_START
;ENTRY_LASER:
BLOCK_10:
N2030 G01 X = 477.47 Y = 1876.91 Z = -197.00 B = 0.00 C = 0.00 F = 173000
N2040 G01 X = 477.47 Y = 1876.91 Z = -207.00 B = 0.00 C = 0.00
N2050 TC_LASER_ON(9,"SS1MM",10,100)
N2060 ; LEAD_IN_END
N2070 G01 X = 476.52 Y = 1876.91 Z = -207.00 B = 0.00 C = 0.00
N2080 G01 X = 476.52 Y = 1877.86 Z = -207.00 B = 0.00 C = 0.00
N2090 G01 X = 476.52 Y = 1878.81 Z = -207.00 B = 0.00 C = 0.00
N2100 G01 X = 476.52 Y = 1879.76 Z = -207.00 B = 0.00 C = 0.00
N2110 G01 X = 476.52 Y = 1880.72 Z = -207.00 B = 0.00 C = 0.00
N2120 G01 X = 477.47 Y = 1880.72 Z = -207.00 B = 0.00 C = 0.00
N2130 G01 X = 478.42 Y = 1880.72 Z = -207.00 B = 0.00 C = 0.00
N2140 G01 X = 479.38 Y = 1880.72 Z = -207.00 B = 0.00 C = 0.00
N2150 G01 X = 479.38 Y = 1879.76 Z = -207.00 B = 0.00 C = 0.00
N2160 G01 X = 479.38 Y = 1878.81 Z = -207.00 B = 0.00 C = 0.00
N2170 G01 X = 478.42 Y = 1878.81 Z = -207.00 B = 0.00 C = 0.00
N2180 G01 X = 478.42 Y = 1879.76 Z = -207.00 B = 0.00 C = 0.00
N2190 G01 X = 477.47 Y = 1879.76 Z = -207.00 B = 0.00 C = 0.00
N2200 G01 X = 477.47 Y = 1878.81 Z = -207.00 B = 0.00 C = 0.00
N2210 G01 X = 478.42 Y = 1878.81 Z = -207.00 B = 0.00 C = 0.00
N2220 G01 X = 478.42 Y = 1877.86 Z = -207.00 B = 0.00 C = 0.00
N2230 G01 X = 477.47 Y = 1877.86 Z = -207.00 B = 0.00 C = 0.00
N2240 G01 X = 477.47 Y = 1876.91 Z = -207.00 B = 0.00 C = 0.00
N2250 ; LEAD_OUT_START
N2260 TC_LASER_OFF(3)
N2270 G01 X = 477.47 Y = 1876.91 Z = -197.00 B = 0.00 C = 0.00 F = 173000
N2280 ; LEAD_OUT_END
N2290 ;==================== BLOCK_END ======================
N2300 ;==================== BLOCK_START 11 ===============
N2310 ; LEAD_IN_START
;ENTRY_LASER:
BLOCK_11:
N2340 G01 X = 477.47 Y = 1875.95 Z = -197.00 B = 0.00 C = 0.00 F = 173000
N2350 G01 X = 477.47 Y = 1875.95 Z = -207.00 B = 0.00 C = 0.00
N2360 TC_LASER_ON(9,"SS1MM",10,100)
N2370 ; LEAD_IN_END
N2380 G01 X = 477.47 Y = 1876.91 Z = -207.00 B = 0.00 C = 0.00
N2390 G01 X = 478.42 Y = 1876.91 Z = -207.00 B = 0.00 C = 0.00
N2400 G01 X = 479.38 Y = 1876.91 Z = -207.00 B = 0.00 C = 0.00
N2410 G01 X = 479.38 Y = 1875.95 Z = -207.00 B = 0.00 C = 0.00
N2420 G01 X = 478.42 Y = 1875.95 Z = -207.00 B = 0.00 C = 0.00
N2430 G01 X = 477.47 Y = 1875.95 Z = -207.00 B = 0.00 C = 0.00
N2440 ; LEAD_OUT_START
N2450 TC_LASER_OFF(3)
N2460 G01 X = 477.47 Y = 1875.95 Z = -197.00 B = 0.00 C = 0.00 F = 173000
N2470 ; LEAD_OUT_END
N2480 ;==================== BLOCK_END ======================
N2490 ;==================== BLOCK_START 12 ===============
N2500 ; LEAD_IN_START
;ENTRY_LASER:
BLOCK_12:
N2530 G01 X = 470.80 Y = 1879.76 Z = -197.00 B = 0.00 C = 0.00 F = 173000
N2540 G01 X = 470.80 Y = 1879.76 Z = -207.00 B = 0.00 C = 0.00
N2550 TC_LASER_ON(9,"SS1MM",10,100)
N2560 ; LEAD_IN_END
N2570 G01 X = 469.85 Y = 1879.76 Z = -207.00 B = 0.00 C = 0.00
N2580 G01 X = 468.90 Y = 1879.76 Z = -207.00 B = 0.00 C = 0.00
N2590 G01 X = 468.90 Y = 1880.72 Z = -207.00 B = 0.00 C = 0.00
N2600 G01 X = 469.85 Y = 1880.72 Z = -207.00 B = 0.00 C = 0.00
N2610 G01 X = 470.80 Y = 1880.72 Z = -207.00 B = 0.00 C = 0.00
N2620 G01 X = 470.80 Y = 1879.76 Z = -207.00 B = 0.00 C = 0.00
N2630 ; LEAD_OUT_START
N2640 TC_LASER_OFF(3)
N2650 G01 X = 470.80 Y = 1879.76 Z = -197.00 B = 0.00 C = 0.00 F = 173000
N2660 ; LEAD_OUT_END
N2670 ;==================== BLOCK_END ======================
N2680 ;==================== BLOCK_START 13 ===============
N2690 ; LEAD_IN_START
;ENTRY_LASER:
BLOCK_13:
N2720 G01 X = 468.90 Y = 1875.95 Z = -197.00 B = 0.00 C = 0.00 F = 173000
N2730 G01 X = 468.90 Y = 1875.95 Z = -207.00 B = 0.00 C = 0.00
N2740 TC_LASER_ON(9,"SS1MM",10,100)
N2750 ; LEAD_IN_END
N2760 G01 X = 468.90 Y = 1876.91 Z = -207.00 B = 0.00 C = 0.00
N2770 G01 X = 468.90 Y = 1877.86 Z = -207.00 B = 0.00 C = 0.00
N2780 G01 X = 468.90 Y = 1878.81 Z = -207.00 B = 0.00 C = 0.00
N2790 G01 X = 469.85 Y = 1878.81 Z = -207.00 B = 0.00 C = 0.00
N2800 G01 X = 470.80 Y = 1878.81 Z = -207.00 B = 0.00 C = 0.00
N2810 G01 X = 470.80 Y = 1879.76 Z = -207.00 B = 0.00 C = 0.00
N2820 G01 X = 471.76 Y = 1879.76 Z = -207.00 B = 0.00 C = 0.00
N2830 G01 X = 471.76 Y = 1878.81 Z = -207.00 B = 0.00 C = 0.00
N2840 G01 X = 471.76 Y = 1877.86 Z = -207.00 B = 0.00 C = 0.00
N2850 G01 X = 471.76 Y = 1876.91 Z = -207.00 B = 0.00 C = 0.00
N2860 G01 X = 470.80 Y = 1876.91 Z = -207.00 B = 0.00 C = 0.00
N2870 G01 X = 470.80 Y = 1877.86 Z = -207.00 B = 0.00 C = 0.00
N2880 G01 X = 469.85 Y = 1877.86 Z = -207.00 B = 0.00 C = 0.00
N2890 G01 X = 469.85 Y = 1876.91 Z = -207.00 B = 0.00 C = 0.00
N2900 G01 X = 470.80 Y = 1876.91 Z = -207.00 B = 0.00 C = 0.00
N2910 G01 X = 470.80 Y = 1875.95 Z = -207.00 B = 0.00 C = 0.00
N2920 G01 X = 469.85 Y = 1875.95 Z = -207.00 B = 0.00 C = 0.00
N2930 G01 X = 468.90 Y = 1875.95 Z = -207.00 B = 0.00 C = 0.00
N2940 ; LEAD_OUT_START
N2950 TC_LASER_OFF(3)
N2960 G01 X = 468.90 Y = 1875.95 Z = -197.00 B = 0.00 C = 0.00 F = 173000
N2970 ; LEAD_OUT_END
N2980 ;==================== BLOCK_END ======================
N2990 ;==================== BLOCK_START 14 ===============
N3000 ; LEAD_IN_START
;ENTRY_LASER:
BLOCK_14:
N3030 G01 X = 465.09 Y = 1875.95 Z = -197.00 B = 0.00 C = 0.00 F = 173000
N3040 G01 X = 465.09 Y = 1875.95 Z = -207.00 B = 0.00 C = 0.00
N3050 TC_LASER_ON(9,"SS1MM",10,100)
N3060 ; LEAD_IN_END
N3070 G01 X = 465.09 Y = 1876.91 Z = -207.00 B = 0.00 C = 0.00
N3080 G01 X = 465.09 Y = 1877.86 Z = -207.00 B = 0.00 C = 0.00
N3090 G01 X = 465.09 Y = 1878.81 Z = -207.00 B = 0.00 C = 0.00
N3100 G01 X = 465.09 Y = 1879.76 Z = -207.00 B = 0.00 C = 0.00
N3110 G01 X = 466.04 Y = 1879.76 Z = -207.00 B = 0.00 C = 0.00
N3120 G01 X = 466.04 Y = 1878.81 Z = -207.00 B = 0.00 C = 0.00
N3130 G01 X = 466.04 Y = 1877.86 Z = -207.00 B = 0.00 C = 0.00
N3140 G01 X = 466.04 Y = 1876.91 Z = -207.00 B = 0.00 C = 0.00
N3150 G01 X = 466.99 Y = 1876.91 Z = -207.00 B = 0.00 C = 0.00
N3160 G01 X = 466.99 Y = 1877.86 Z = -207.00 B = 0.00 C = 0.00
N3170 G01 X = 466.99 Y = 1878.81 Z = -207.00 B = 0.00 C = 0.00
N3180 G01 X = 466.99 Y = 1879.76 Z = -207.00 B = 0.00 C = 0.00
N3190 G01 X = 466.04 Y = 1879.76 Z = -207.00 B = 0.00 C = 0.00
N3200 G01 X = 466.04 Y = 1880.72 Z = -207.00 B = 0.00 C = 0.00
N3210 G01 X = 466.99 Y = 1880.72 Z = -207.00 B = 0.00 C = 0.00
N3220 G01 X = 466.99 Y = 1881.67 Z = -207.00 B = 0.00 C = 0.00
N3230 G01 X = 466.99 Y = 1882.62 Z = -207.00 B = 0.00 C = 0.00
N3240 G01 X = 467.94 Y = 1882.62 Z = -207.00 B = 0.00 C = 0.00
N3250 G01 X = 467.94 Y = 1881.67 Z = -207.00 B = 0.00 C = 0.00
N3260 G01 X = 467.94 Y = 1880.72 Z = -207.00 B = 0.00 C = 0.00
N3270 G01 X = 467.94 Y = 1879.76 Z = -207.00 B = 0.00 C = 0.00
N3280 G01 X = 467.94 Y = 1878.81 Z = -207.00 B = 0.00 C = 0.00
N3290 G01 X = 467.94 Y = 1877.86 Z = -207.00 B = 0.00 C = 0.00
N3300 G01 X = 467.94 Y = 1876.91 Z = -207.00 B = 0.00 C = 0.00
N3310 G01 X = 467.94 Y = 1875.95 Z = -207.00 B = 0.00 C = 0.00
N3320 G01 X = 466.99 Y = 1875.95 Z = -207.00 B = 0.00 C = 0.00
N3330 G01 X = 466.04 Y = 1875.95 Z = -207.00 B = 0.00 C = 0.00
N3340 G01 X = 465.09 Y = 1875.95 Z = -207.00 B = 0.00 C = 0.00
N3350 ; LEAD_OUT_START
N3360 TC_LASER_OFF(3)
N3370 G01 X = 465.09 Y = 1875.95 Z = -197.00 B = 0.00 C = 0.00 F = 173000
N3380 ; LEAD_OUT_END
N3390 ;==================== BLOCK_END ======================
N3400 ;==================== BLOCK_START 15 ===============
N3410 ; LEAD_IN_START
;ENTRY_LASER:
BLOCK_15:
N3440 G01 X = 462.23 Y = 1876.91 Z = -197.00 B = 0.00 C = 0.00 F = 173000
N3450 G01 X = 462.23 Y = 1876.91 Z = -207.00 B = 0.00 C = 0.00
N3460 TC_LASER_ON(9,"SS1MM",10,100)
N3470 ; LEAD_IN_END
N3480 G01 X = 461.28 Y = 1876.91 Z = -207.00 B = 0.00 C = 0.00
N3490 G01 X = 461.28 Y = 1877.86 Z = -207.00 B = 0.00 C = 0.00
N3500 G01 X = 461.28 Y = 1878.81 Z = -207.00 B = 0.00 C = 0.00
N3510 G01 X = 461.28 Y = 1879.76 Z = -207.00 B = 0.00 C = 0.00
N3520 G01 X = 461.28 Y = 1880.72 Z = -207.00 B = 0.00 C = 0.00
N3530 G01 X = 462.23 Y = 1880.72 Z = -207.00 B = 0.00 C = 0.00
N3540 G01 X = 463.18 Y = 1880.72 Z = -207.00 B = 0.00 C = 0.00
N3550 G01 X = 464.13 Y = 1880.72 Z = -207.00 B = 0.00 C = 0.00
N3560 G01 X = 464.13 Y = 1879.76 Z = -207.00 B = 0.00 C = 0.00
N3570 G01 X = 464.13 Y = 1878.81 Z = -207.00 B = 0.00 C = 0.00
N3580 G01 X = 463.18 Y = 1878.81 Z = -207.00 B = 0.00 C = 0.00
N3590 G01 X = 463.18 Y = 1879.76 Z = -207.00 B = 0.00 C = 0.00
N3600 G01 X = 462.23 Y = 1879.76 Z = -207.00 B = 0.00 C = 0.00
N3610 G01 X = 462.23 Y = 1878.81 Z = -207.00 B = 0.00 C = 0.00
N3620 G01 X = 463.18 Y = 1878.81 Z = -207.00 B = 0.00 C = 0.00
N3630 G01 X = 463.18 Y = 1877.86 Z = -207.00 B = 0.00 C = 0.00
N3640 G01 X = 462.23 Y = 1877.86 Z = -207.00 B = 0.00 C = 0.00
N3650 G01 X = 462.23 Y = 1876.91 Z = -207.00 B = 0.00 C = 0.00
N3660 ; LEAD_OUT_START
N3670 TC_LASER_OFF(3)
N3680 G01 X = 462.23 Y = 1876.91 Z = -197.00 B = 0.00 C = 0.00 F = 173000
N3690 ; LEAD_OUT_END
N3700 ;==================== BLOCK_END ======================
N3710 ;==================== BLOCK_START 16 ===============
N3720 ; LEAD_IN_START
;ENTRY_LASER:
BLOCK_16:
N3750 G01 X = 462.23 Y = 1875.95 Z = -197.00 B = 0.00 C = 0.00 F = 173000
N3760 G01 X = 462.23 Y = 1875.95 Z = -207.00 B = 0.00 C = 0.00
N3770 TC_LASER_ON(9,"SS1MM",10,100)
N3780 ; LEAD_IN_END
N3790 G01 X = 462.23 Y = 1876.91 Z = -207.00 B = 0.00 C = 0.00
N3800 G01 X = 463.18 Y = 1876.91 Z = -207.00 B = 0.00 C = 0.00
N3810 G01 X = 464.13 Y = 1876.91 Z = -207.00 B = 0.00 C = 0.00
N3820 G01 X = 464.13 Y = 1875.95 Z = -207.00 B = 0.00 C = 0.00
N3830 G01 X = 463.18 Y = 1875.95 Z = -207.00 B = 0.00 C = 0.00
N3840 G01 X = 462.23 Y = 1875.95 Z = -207.00 B = 0.00 C = 0.00
N3850 ; LEAD_OUT_START
N3860 TC_LASER_OFF(3)
N3870 G01 X = 462.23 Y = 1875.95 Z = -197.00 B = 0.00 C = 0.00 F = 173000
N3880 ; LEAD_OUT_END
N3890 ;==================== BLOCK_END ======================
N3900 ;==================== BLOCK_START 17 ===============
N3910 ; LEAD_IN_START
;ENTRY_LASER:
BLOCK_17:
N3940 G01 X = 459.37 Y = 1876.91 Z = -197.00 B = 0.00 C = 0.00 F = 173000
N3950 G01 X = 459.37 Y = 1876.91 Z = -207.00 B = 0.00 C = 0.00
N3960 TC_LASER_ON(9,"SS1MM",10,100)
N3970 ; LEAD_IN_END
N3980 G01 X = 459.37 Y = 1877.86 Z = -207.00 B = 0.00 C = 0.00
N3990 G01 X = 459.37 Y = 1878.81 Z = -207.00 B = 0.00 C = 0.00
N4000 G01 X = 459.37 Y = 1879.76 Z = -207.00 B = 0.00 C = 0.00
N4010 G01 X = 459.37 Y = 1880.72 Z = -207.00 B = 0.00 C = 0.00
N4020 G01 X = 460.32 Y = 1880.72 Z = -207.00 B = 0.00 C = 0.00
N4030 G01 X = 460.32 Y = 1879.76 Z = -207.00 B = 0.00 C = 0.00
N4040 G01 X = 460.32 Y = 1878.81 Z = -207.00 B = 0.00 C = 0.00
N4050 G01 X = 460.32 Y = 1877.86 Z = -207.00 B = 0.00 C = 0.00
N4060 G01 X = 460.32 Y = 1876.91 Z = -207.00 B = 0.00 C = 0.00
N4070 G01 X = 459.37 Y = 1876.91 Z = -207.00 B = 0.00 C = 0.00
N4080 ; LEAD_OUT_START
N4090 TC_LASER_OFF(3)
N4100 G01 X = 459.37 Y = 1876.91 Z = -197.00 B = 0.00 C = 0.00 F = 173000
N4110 ; LEAD_OUT_END
N4120 ;==================== BLOCK_END ======================
N4130 ;==================== BLOCK_START 18 ===============
N4140 ; LEAD_IN_START
;ENTRY_LASER:
BLOCK_18:
N4170 G01 X = 457.47 Y = 1875.95 Z = -197.00 B = 0.00 C = 0.00 F = 173000
N4180 G01 X = 457.47 Y = 1875.95 Z = -207.00 B = 0.00 C = 0.00
N4190 TC_LASER_ON(9,"SS1MM",10,100)
N4200 ; LEAD_IN_END
N4210 G01 X = 457.47 Y = 1876.91 Z = -207.00 B = 0.00 C = 0.00
N4220 G01 X = 458.42 Y = 1876.91 Z = -207.00 B = 0.00 C = 0.00
N4230 G01 X = 459.37 Y = 1876.91 Z = -207.00 B = 0.00 C = 0.00
N4240 G01 X = 459.37 Y = 1875.95 Z = -207.00 B = 0.00 C = 0.00
N4250 G01 X = 458.42 Y = 1875.95 Z = -207.00 B = 0.00 C = 0.00
N4260 G01 X = 457.47 Y = 1875.95 Z = -207.00 B = 0.00 C = 0.00
N4270 ; LEAD_OUT_START
N4280 TC_LASER_OFF(3)
N4290 G01 X = 457.47 Y = 1875.95 Z = -197.00 B = 0.00 C = 0.00 F = 173000
N4300 ; LEAD_OUT_END
N4310 ;==================== BLOCK_END ======================
N4320 ;==================== BLOCK_START 19 ===============
N4330 ; LEAD_IN_START
;ENTRY_LASER:
BLOCK_19:
N4360 G01 X = 482.23 Y = 1875.95 Z = -197.00 B = 0.00 C = 0.00 F = 173000
N4370 G01 X = 482.23 Y = 1875.95 Z = -207.00 B = 0.00 C = 0.00
N4380 TC_LASER_ON(9,"SS1MM",10,100)
N4390 ; LEAD_IN_END
N4400 G01 X = 482.23 Y = 1876.91 Z = -207.00 B = 0.00 C = 0.00
N4410 G01 X = 481.28 Y = 1876.91 Z = -207.00 B = 0.00 C = 0.00
N4420 G01 X = 481.28 Y = 1877.86 Z = -207.00 B = 0.00 C = 0.00
N4430 G01 X = 482.23 Y = 1877.86 Z = -207.00 B = 0.00 C = 0.00
N4440 G01 X = 482.23 Y = 1878.81 Z = -207.00 B = 0.00 C = 0.00
N4450 G01 X = 482.23 Y = 1879.76 Z = -207.00 B = 0.00 C = 0.00
N4460 G01 X = 482.23 Y = 1880.72 Z = -207.00 B = 0.00 C = 0.00
N4470 G01 X = 483.19 Y = 1880.72 Z = -207.00 B = 0.00 C = 0.00
N4480 G01 X = 483.19 Y = 1879.76 Z = -207.00 B = 0.00 C = 0.00
N4490 G01 X = 483.19 Y = 1878.81 Z = -207.00 B = 0.00 C = 0.00
N4500 G01 X = 483.19 Y = 1877.86 Z = -207.00 B = 0.00 C = 0.00
N4510 G01 X = 483.19 Y = 1876.91 Z = -207.00 B = 0.00 C = 0.00
N4520 G01 X = 483.19 Y = 1875.95 Z = -207.00 B = 0.00 C = 0.00
N4530 G01 X = 482.23 Y = 1875.95 Z = -207.00 B = 0.00 C = 0.00
N4540 ; LEAD_OUT_START
N4550 TC_LASER_OFF(3)
N4560 G01 X = 482.23 Y = 1875.95 Z = -197.00 B = 0.00 C = 0.00 F = 173000
N4570 ; LEAD_OUT_END
N4580 ;==================== BLOCK_END ======================
N4590 ;==================== BLOCK_START 20 ===============
N4600 ; LEAD_IN_START
;ENTRY_LASER:
BLOCK_20:
N4630 G01 X = 480.33 Y = 1875.00 Z = -197.00 B = 0.00 C = 0.00 F = 173000
N4640 G01 X = 480.33 Y = 1875.00 Z = -207.00 B = 0.00 C = 0.00
N4650 TC_LASER_ON(9,"SS1MM",10,100)
N4660 ; LEAD_IN_END
N4670 G01 X = 480.33 Y = 1875.95 Z = -207.00 B = 0.00 C = 0.00
N4680 G01 X = 481.28 Y = 1875.95 Z = -207.00 B = 0.00 C = 0.00
N4690 G01 X = 482.23 Y = 1875.95 Z = -207.00 B = 0.00 C = 0.00
N4700 G01 X = 482.23 Y = 1875.00 Z = -207.00 B = 0.00 C = 0.00
N4710 G01 X = 481.28 Y = 1875.00 Z = -207.00 B = 0.00 C = 0.00
N4720 G01 X = 480.33 Y = 1875.00 Z = -207.00 B = 0.00 C = 0.00
N4730 ; LEAD_OUT_START
N4740 TC_LASER_OFF(3)
N4750 G01 X = 480.33 Y = 1875.00 Z = -197.00 B = 0.00 C = 0.00 F = 173000
N4760 ; LEAD_OUT_END
N4770 ;==================== BLOCK_END ======================
N4780 ;==================== BLOCK_START 21 ===============
N4790 ; LEAD_IN_START
;ENTRY_LASER:
BLOCK_21:
N4820 G01 X = 473.66 Y = 1877.86 Z = -197.00 B = 0.00 C = 0.00 F = 173000
N4830 G01 X = 473.66 Y = 1877.86 Z = -207.00 B = 0.00 C = 0.00
N4840 TC_LASER_ON(9,"SS1MM",10,100)
N4850 ; LEAD_IN_END
N4860 G01 X = 473.66 Y = 1876.91 Z = -207.00 B = 0.00 C = 0.00
N4870 G01 X = 472.71 Y = 1876.91 Z = -207.00 B = 0.00 C = 0.00
N4880 G01 X = 472.71 Y = 1877.86 Z = -207.00 B = 0.00 C = 0.00
N4890 G01 X = 473.66 Y = 1877.86 Z = -207.00 B = 0.00 C = 0.00
N4900 ; LEAD_OUT_START
N4910 TC_LASER_OFF(3)
N4920 G01 X = 473.66 Y = 1877.86 Z = -197.00 B = 0.00 C = 0.00 F = 173000
N4930 ; LEAD_OUT_END
N4940 ;==================== BLOCK_END ======================
N4950 ;==================== BLOCK_START 22 ===============
N4960 ; LEAD_IN_START
;ENTRY_LASER:
BLOCK_22:
N4990 G01 X = 473.66 Y = 1878.81 Z = -197.00 B = 0.00 C = 0.00 F = 173000
N5000 G01 X = 473.66 Y = 1878.81 Z = -207.00 B = 0.00 C = 0.00
N5010 TC_LASER_ON(9,"SS1MM",10,100)
N5020 ; LEAD_IN_END
N5030 G01 X = 472.71 Y = 1878.81 Z = -207.00 B = 0.00 C = 0.00
N5040 G01 X = 472.71 Y = 1879.76 Z = -207.00 B = 0.00 C = 0.00
N5050 G01 X = 472.71 Y = 1880.72 Z = -207.00 B = 0.00 C = 0.00
N5060 G01 X = 473.66 Y = 1880.72 Z = -207.00 B = 0.00 C = 0.00
N5070 G01 X = 473.66 Y = 1879.76 Z = -207.00 B = 0.00 C = 0.00
N5080 G01 X = 473.66 Y = 1878.81 Z = -207.00 B = 0.00 C = 0.00
N5090 ; LEAD_OUT_START
N5100 TC_LASER_OFF(3)
N5110 G01 X = 473.66 Y = 1878.81 Z = -197.00 B = 0.00 C = 0.00 F = 173000
N5120 ; LEAD_OUT_END
N5130 ;==================== BLOCK_END ======================
N5140 ;==================== BLOCK_START 23 ===============
N5150 ; LEAD_IN_START
;ENTRY_LASER:
BLOCK_23:
N5180 G01 X = 474.61 Y = 1875.00 Z = -197.00 B = 0.00 C = 0.00 F = 173000
N5190 G01 X = 474.61 Y = 1875.00 Z = -207.00 B = 0.00 C = 0.00
N5200 TC_LASER_ON(9,"SS1MM",10,100)
N5210 ; LEAD_IN_END
N5220 G01 X = 474.61 Y = 1875.95 Z = -207.00 B = 0.00 C = 0.00
N5230 G01 X = 474.61 Y = 1876.91 Z = -207.00 B = 0.00 C = 0.00
N5240 G01 X = 474.61 Y = 1877.86 Z = -207.00 B = 0.00 C = 0.00
N5250 G01 X = 473.66 Y = 1877.86 Z = -207.00 B = 0.00 C = 0.00
N5260 G01 X = 473.66 Y = 1878.81 Z = -207.00 B = 0.00 C = 0.00
N5270 G01 X = 474.61 Y = 1878.81 Z = -207.00 B = 0.00 C = 0.00
N5280 G01 X = 474.61 Y = 1879.76 Z = -207.00 B = 0.00 C = 0.00
N5290 G01 X = 474.61 Y = 1880.72 Z = -207.00 B = 0.00 C = 0.00
N5300 G01 X = 475.57 Y = 1880.72 Z = -207.00 B = 0.00 C = 0.00
N5310 G01 X = 475.57 Y = 1879.76 Z = -207.00 B = 0.00 C = 0.00
N5320 G01 X = 475.57 Y = 1878.81 Z = -207.00 B = 0.00 C = 0.00
N5330 G01 X = 475.57 Y = 1877.86 Z = -207.00 B = 0.00 C = 0.00
N5340 G01 X = 475.57 Y = 1876.91 Z = -207.00 B = 0.00 C = 0.00
N5350 G01 X = 475.57 Y = 1875.95 Z = -207.00 B = 0.00 C = 0.00
N5360 G01 X = 475.57 Y = 1875.00 Z = -207.00 B = 0.00 C = 0.00
N5370 G01 X = 474.61 Y = 1875.00 Z = -207.00 B = 0.00 C = 0.00
N5380 ; LEAD_OUT_START
N5390 TC_LASER_OFF(3)
N5400 G01 X = 474.61 Y = 1875.00 Z = -197.00 B = 0.00 C = 0.00 F = 173000
N5410 ; LEAD_OUT_END
N5420 ;==================== BLOCK_END ======================
N5430 ;==================== BLOCK_START 24 ===============
N5440 ; LEAD_IN_START
;ENTRY_LASER:
BLOCK_24:
N5470 G01 X = 454.61 Y = 1875.00 Z = -197.00 B = 0.00 C = 0.00 F = 173000
N5480 G01 X = 454.61 Y = 1875.00 Z = -207.00 B = 0.00 C = 0.00
N5490 TC_LASER_ON(9,"SS1MM",10,100)
N5500 ; LEAD_IN_END
N5510 G01 X = 454.61 Y = 1875.95 Z = -207.00 B = 0.00 C = 0.00
N5520 G01 X = 454.61 Y = 1876.91 Z = -207.00 B = 0.00 C = 0.00
N5530 G01 X = 453.65 Y = 1876.91 Z = -207.00 B = 0.00 C = 0.00
N5540 G01 X = 453.65 Y = 1877.86 Z = -207.00 B = 0.00 C = 0.00
N5550 G01 X = 454.61 Y = 1877.86 Z = -207.00 B = 0.00 C = 0.00
N5560 G01 X = 454.61 Y = 1878.81 Z = -207.00 B = 0.00 C = 0.00
N5570 G01 X = 454.61 Y = 1879.76 Z = -207.00 B = 0.00 C = 0.00
N5580 G01 X = 454.61 Y = 1880.72 Z = -207.00 B = 0.00 C = 0.00
N5590 G01 X = 455.56 Y = 1880.72 Z = -207.00 B = 0.00 C = 0.00
N5600 G01 X = 455.56 Y = 1879.76 Z = -207.00 B = 0.00 C = 0.00
N5610 G01 X = 455.56 Y = 1878.81 Z = -207.00 B = 0.00 C = 0.00
N5620 G01 X = 455.56 Y = 1877.86 Z = -207.00 B = 0.00 C = 0.00
N5630 G01 X = 456.51 Y = 1877.86 Z = -207.00 B = 0.00 C = 0.00
N5640 G01 X = 456.51 Y = 1876.91 Z = -207.00 B = 0.00 C = 0.00
N5650 G01 X = 455.56 Y = 1876.91 Z = -207.00 B = 0.00 C = 0.00
N5660 G01 X = 455.56 Y = 1875.95 Z = -207.00 B = 0.00 C = 0.00
N5670 G01 X = 455.56 Y = 1875.00 Z = -207.00 B = 0.00 C = 0.00
N5680 G01 X = 454.61 Y = 1875.00 Z = -207.00 B = 0.00 C = 0.00
N5690 ; LEAD_OUT_START
N5700 TC_LASER_OFF(3)
N5710 G01 X = 454.61 Y = 1875.00 Z = -197.00 B = 0.00 C = 0.00 F = 173000
N5720 ; LEAD_OUT_END
N5730 ;==================== BLOCK_END ======================
N6100 ;==================== BLOCK_START 29 ===============
N6110 ; LEAD_IN_START
;ENTRY_LASER:
BLOCK_29:
N5780 G01 X = 447.33 Y = 1909.38 Z = -197.00 B = 0.00 C = 0.00 F = 173000
N6150 ; LEAD_IN_END
N5800 R1 = 447.33 R2 = 1909.38 R3 = -207.00 R4 = 0.00 R5 = 0.00 R11 = 0.00 R26 = 12.00
N6170 TC_CIRC2(5,2.5,0.50,9,10,100,"SS1MM")
N6180 ;==================== BLOCK_END ======================
N6100 ;==================== BLOCK_START 29 ===============
N6110 ; LEAD_IN_START
;ENTRY_LASER:
BLOCK_29:
N5870 G01 X = 494.01 Y = 1903.01 Z = -197.00 B = 0.00 C = 0.00 F = 173000
N6150 ; LEAD_IN_END
N5890 R1 = 494.01 R2 = 1903.01 R3 = -207.00 R4 = 0.00 R5 = 0.00 R11 = 0.00 R26 = 12.00
N6170 TC_CIRC2(5,2.5,0.50,9,10,100,"SS1MM")
N6180 ;==================== BLOCK_END ======================
N6100 ;==================== BLOCK_START 29 ===============
N6110 ; LEAD_IN_START
;ENTRY_LASER:
BLOCK_29:
N5960 G01 X = 445.93 Y = 1867.16 Z = -197.00 B = 0.00 C = 0.00 F = 173000
N6150 ; LEAD_IN_END
N5980 R1 = 445.93 R2 = 1867.16 R3 = -207.00 R4 = 0.00 R5 = 0.00 R11 = 0.00 R26 = 12.00
N6170 TC_CIRC2(5,2.5,0.50,9,10,100,"SS1MM")
N6180 ;==================== BLOCK_END ======================
N6100 ;==================== BLOCK_START 29 ===============
N6110 ; LEAD_IN_START
;ENTRY_LASER:
BLOCK_29:
N6050 G01 X = 494.01 Y = 1861.00 Z = -197.00 B = 0.00 C = 0.00 F = 173000
N6150 ; LEAD_IN_END
N6070 R1 = 494.01 R2 = 1861.00 R3 = -207.00 R4 = 0.00 R5 = 0.00 R11 = 0.00 R26 = 12.00
N6170 TC_CIRC2(5,2.5,0.50,9,10,100,"SS1MM")
N6180 ;==================== BLOCK_END ======================
N6100 ;==================== BLOCK_START 29 ===============
N6110 ; LEAD_IN_START
;ENTRY_LASER:
BLOCK_29:
N6140 G01 X = 494.01 Y = 1855.00 Z = -197.00 B = 0.00 C = 0.00 F = 173000
N6150 ; LEAD_IN_END
N6160 R1 = 494.01 R2 = 1855.00 R3 = -207.00 R4 = 0.00 R5 = 0.00 R11 = 0.00 R26 = 12.00
N6170 TC_CIRC2(5,2.5,0.50,9,10,100,"SS1MM")
N6180 ;==================== BLOCK_END ======================
N6190 ;==================== BLOCK_START 30 ===============
N6200 ; LEAD_IN_START
;ENTRY_LASER:
BLOCK_30:
N6230 G01 X = 482.01 Y = 1849.00 Z = -197.00 B = 0.00 C = 0.00 F = 173000
N6240 G01 X = 482.01 Y = 1849.00 Z = -207.00 B = 0.00 C = 0.00
N6250 TC_LASER_ON(9,"SS1MM",10,100)
N6260 ; LEAD_IN_END
N6270 G01 X = 482.09 Y = 1864.34 Z = -207.00 B = 0.00 C = 0.00
N6280 G01 X = 452.00 Y = 1867.00 Z = -207.00 B = 0.00 C = 0.00
N6290 G01 X = 452.00 Y = 1861.00 Z = -207.00 B = 0.00 C = 0.00
N6300 G01 X = 440.00 Y = 1861.00 Z = -207.00 B = 0.00 C = 0.00
N6310 G01 X = 440.00 Y = 1873.00 Z = -207.00 B = 0.00 C = 0.00
N6320 G01 X = 452.00 Y = 1903.01 Z = -207.00 B = 0.00 C = 0.00
N6330 G01 X = 446.00 Y = 1903.01 Z = -207.00 B = 0.00 C = 0.00
N6340 G01 X = 440.00 Y = 1903.01 Z = -207.00 B = 0.00 C = 0.00
N6350 G01 X = 440.00 Y = 1915.01 Z = -207.00 B = 0.00 C = 0.00
N6360 G01 X = 454.43 Y = 1915.03 Z = -207.00 B = 0.00 C = 0.00
N6370 G01 X = 454.43 Y = 1911.36 Z = -207.00 B = 0.00 C = 0.00
N6380 G01 X = 482.01 Y = 1909.01 Z = -207.00 B = 0.00 C = 0.00
N6390 G01 X = 494.01 Y = 1909.01 Z = -207.00 B = 0.00 C = 0.00
N6400 G01 X = 500.01 Y = 1909.01 Z = -207.00 B = 0.00 C = 0.00
N6410 G01 X = 500.01 Y = 1891.01 Z = -207.00 B = 0.00 C = 0.00
N6420 G01 X = 488.01 Y = 1891.01 Z = -207.00 B = 0.00 C = 0.00
N6430 G01 X = 488.01 Y = 1873.00 Z = -207.00 B = 0.00 C = 0.00
N6440 G01 X = 500.01 Y = 1873.00 Z = -207.00 B = 0.00 C = 0.00
N6450 G01 X = 500.01 Y = 1849.00 Z = -207.00 B = 0.00 C = 0.00
N6460 G01 X = 482.01 Y = 1849.00 Z = -207.00 B = 0.00 C = 0.00
N6470 ; LEAD_OUT_START
N6480 TC_LASER_OFF(3)
N6490 G01 X = 482.01 Y = 1849.00 Z = -197.00 B = 0.00 C = 0.00 F = 173000
N6500 ; LEAD_OUT_END
N6510 ;==================== BLOCK_END ======================

;END_OF_PROGRAM
N6380 TC_RESET
N6390 TC_LASER_OFF(2)
N6400 M02
STOP_TEXT
C
ENDE_PROGRAMM
ED
C
